<?xml version="1.0" encoding="UTF-8"?>
<!-- Generated by org.testng.reporters.JUnitXMLReporter -->
<testsuite hostname="DESKTOP-3NEPPNG" ignored="0" name="run on device 1" tests="2" failures="1" timestamp="07 Aug 2018 16:01:06 GMT" time="119.577" errors="0">
  <testcase name="loginTest" time="37.96" classname="testcases.ebayTest"/>
  <testcase name="orderProduct" time="58.104" classname="testcases.ebayTest">
    <failure type="java.lang.RuntimeException" message="An element could not be located on the page using the given search parameters.
For documentation on this error, please visit: http://seleniumhq.org/exceptions/no_such_element.html
Build info: version: &amp;apos;3.13.0&amp;apos;, revision: &amp;apos;2f0d292&amp;apos;, time: &amp;apos;2018-06-25T15:32:19.891Z&amp;apos;
System info: host: &amp;apos;DESKTOP-3NEPPNG&amp;apos;, ip: &amp;apos;192.168.0.104&amp;apos;, os.name: &amp;apos;Windows 10&amp;apos;, os.arch: &amp;apos;amd64&amp;apos;, os.version: &amp;apos;10.0&amp;apos;, java.version: &amp;apos;1.8.0_161&amp;apos;
Driver info: io.appium.java_client.AppiumDriver
Capabilities {appActivity: com.ebay.mobile.activities...., appPackage: com.ebay.mobile, databaseEnabled: false, desired: {appActivity: com.ebay.mobile.activities...., appPackage: com.ebay.mobile, deviceName: ZY2243BVZ8, platformName: android, platformVersion: 7.0}, deviceManufacturer: motorola, deviceModel: Moto G (5) Plus, deviceName: ZY2243BVZ8, deviceScreenSize: 1080x1920, deviceUDID: ZY2243BVZ8, javascriptEnabled: true, locationContextEnabled: false, networkConnectionEnabled: true, platform: LINUX, platformName: LINUX, platformVersion: 7.0, takesScreenshot: true, warnings: {}, webStorageEnabled: false}
Session ID: 97ab686d-049e-4b0c-853c-01adf3e70be9
*** Element info: {Using=id, value=address1}">
      <![CDATA[java.lang.RuntimeException: An element could not be located on the page using the given search parameters.
For documentation on this error, please visit: http://seleniumhq.org/exceptions/no_such_element.html
Build info: version: '3.13.0', revision: '2f0d292', time: '2018-06-25T15:32:19.891Z'
System info: host: 'DESKTOP-3NEPPNG', ip: '192.168.0.104', os.name: 'Windows 10', os.arch: 'amd64', os.version: '10.0', java.version: '1.8.0_161'
Driver info: io.appium.java_client.AppiumDriver
Capabilities {appActivity: com.ebay.mobile.activities...., appPackage: com.ebay.mobile, databaseEnabled: false, desired: {appActivity: com.ebay.mobile.activities...., appPackage: com.ebay.mobile, deviceName: ZY2243BVZ8, platformName: android, platformVersion: 7.0}, deviceManufacturer: motorola, deviceModel: Moto G (5) Plus, deviceName: ZY2243BVZ8, deviceScreenSize: 1080x1920, deviceUDID: ZY2243BVZ8, javascriptEnabled: true, locationContextEnabled: false, networkConnectionEnabled: true, platform: LINUX, platformName: LINUX, platformVersion: 7.0, takesScreenshot: true, warnings: {}, webStorageEnabled: false}
Session ID: 97ab686d-049e-4b0c-853c-01adf3e70be9
*** Element info: {Using=id, value=address1}
at testcases.ebayTest.orderProduct(ebayTest.java:52)
at java.util.concurrent.FutureTask.run(Unknown Source)
at java.util.concurrent.ThreadPoolExecutor.runWorker(Unknown Source)
at java.util.concurrent.ThreadPoolExecutor$Worker.run(Unknown Source)
at java.lang.Thread.run(Unknown Source)
... Removed 16 stack frames]]>
    </failure>
  </testcase> <!-- orderProduct -->
</testsuite> <!-- run on device 1 -->
