<?xml version="1.0" encoding="UTF-8"?>
<testng-results skipped="0" failed="1" ignored="0" total="2" passed="1">
  <reporter-output>
  </reporter-output>
  <suite name="SmokeSuite" duration-ms="119577" started-at="2018-08-07T15:59:06Z" finished-at="2018-08-07T16:01:06Z">
    <groups>
    </groups>
    <test name="run on device 1" duration-ms="119577" started-at="2018-08-07T15:59:06Z" finished-at="2018-08-07T16:01:06Z">
      <class name="testcases.ebayTest">
        <test-method status="PASS" signature="Setup(java.lang.String, java.lang.String)[pri:0, instance:testcases.ebayTest@37d31475]" name="Setup" is-config="true" duration-ms="20396" started-at="2018-08-07T15:59:06Z" finished-at="2018-08-07T15:59:27Z">
          <params>
            <param index="0">
              <value>
                <![CDATA[4723]]>
              </value>
            </param>
            <param index="1">
              <value>
                <![CDATA[ZY2243BVZ8]]>
              </value>
            </param>
          </params>
          <reporter-output>
          </reporter-output>
        </test-method> <!-- Setup -->
        <test-method status="PASS" signature="loginTest()[pri:1, instance:testcases.ebayTest@37d31475]" name="loginTest" duration-ms="37960" started-at="2018-08-07T15:59:27Z" finished-at="2018-08-07T16:00:05Z">
          <reporter-output>
          </reporter-output>
        </test-method> <!-- loginTest -->
        <test-method status="FAIL" signature="orderProduct()[pri:2, instance:testcases.ebayTest@37d31475]" name="orderProduct" duration-ms="58104" started-at="2018-08-07T16:00:05Z" finished-at="2018-08-07T16:01:03Z">
          <exception class="java.lang.RuntimeException">
            <message>
              <![CDATA[An element could not be located on the page using the given search parameters.
For documentation on this error, please visit: http://seleniumhq.org/exceptions/no_such_element.html
Build info: version: '3.13.0', revision: '2f0d292', time: '2018-06-25T15:32:19.891Z'
System info: host: 'DESKTOP-3NEPPNG', ip: '192.168.0.104', os.name: 'Windows 10', os.arch: 'amd64', os.version: '10.0', java.version: '1.8.0_161'
Driver info: io.appium.java_client.AppiumDriver
Capabilities {appActivity: com.ebay.mobile.activities...., appPackage: com.ebay.mobile, databaseEnabled: false, desired: {appActivity: com.ebay.mobile.activities...., appPackage: com.ebay.mobile, deviceName: ZY2243BVZ8, platformName: android, platformVersion: 7.0}, deviceManufacturer: motorola, deviceModel: Moto G (5) Plus, deviceName: ZY2243BVZ8, deviceScreenSize: 1080x1920, deviceUDID: ZY2243BVZ8, javascriptEnabled: true, locationContextEnabled: false, networkConnectionEnabled: true, platform: LINUX, platformName: LINUX, platformVersion: 7.0, takesScreenshot: true, warnings: {}, webStorageEnabled: false}
Session ID: 97ab686d-049e-4b0c-853c-01adf3e70be9
*** Element info: {Using=id, value=address1}]]>
            </message>
            <full-stacktrace>
              <![CDATA[java.lang.RuntimeException: An element could not be located on the page using the given search parameters.
For documentation on this error, please visit: http://seleniumhq.org/exceptions/no_such_element.html
Build info: version: '3.13.0', revision: '2f0d292', time: '2018-06-25T15:32:19.891Z'
System info: host: 'DESKTOP-3NEPPNG', ip: '192.168.0.104', os.name: 'Windows 10', os.arch: 'amd64', os.version: '10.0', java.version: '1.8.0_161'
Driver info: io.appium.java_client.AppiumDriver
Capabilities {appActivity: com.ebay.mobile.activities...., appPackage: com.ebay.mobile, databaseEnabled: false, desired: {appActivity: com.ebay.mobile.activities...., appPackage: com.ebay.mobile, deviceName: ZY2243BVZ8, platformName: android, platformVersion: 7.0}, deviceManufacturer: motorola, deviceModel: Moto G (5) Plus, deviceName: ZY2243BVZ8, deviceScreenSize: 1080x1920, deviceUDID: ZY2243BVZ8, javascriptEnabled: true, locationContextEnabled: false, networkConnectionEnabled: true, platform: LINUX, platformName: LINUX, platformVersion: 7.0, takesScreenshot: true, warnings: {}, webStorageEnabled: false}
Session ID: 97ab686d-049e-4b0c-853c-01adf3e70be9
*** Element info: {Using=id, value=address1}
at testcases.ebayTest.orderProduct(ebayTest.java:52)
at sun.reflect.NativeMethodAccessorImpl.invoke0(Native Method)
at sun.reflect.NativeMethodAccessorImpl.invoke(Unknown Source)
at sun.reflect.DelegatingMethodAccessorImpl.invoke(Unknown Source)
at java.lang.reflect.Method.invoke(Unknown Source)
at org.testng.internal.MethodInvocationHelper.invokeMethod(MethodInvocationHelper.java:124)
at org.testng.internal.Invoker.invokeMethod(Invoker.java:580)
at org.testng.internal.Invoker.invokeTestMethod(Invoker.java:716)
at org.testng.internal.Invoker.invokeTestMethods(Invoker.java:988)
at org.testng.internal.TestMethodWorker.invokeTestMethods(TestMethodWorker.java:125)
at org.testng.internal.TestMethodWorker.run(TestMethodWorker.java:109)
at org.testng.TestRunner.privateRun(TestRunner.java:648)
at org.testng.TestRunner.run(TestRunner.java:505)
at org.testng.SuiteRunner.runTest(SuiteRunner.java:455)
at org.testng.SuiteRunner.access$000(SuiteRunner.java:40)
at org.testng.SuiteRunner$SuiteWorker.run(SuiteRunner.java:489)
at org.testng.internal.thread.ThreadUtil$1.call(ThreadUtil.java:52)
at java.util.concurrent.FutureTask.run(Unknown Source)
at java.util.concurrent.ThreadPoolExecutor.runWorker(Unknown Source)
at java.util.concurrent.ThreadPoolExecutor$Worker.run(Unknown Source)
at java.lang.Thread.run(Unknown Source)
]]>
            </full-stacktrace>
          </exception> <!-- java.lang.RuntimeException -->
          <reporter-output>
          </reporter-output>
        </test-method> <!-- orderProduct -->
        <test-method status="PASS" signature="tearDown()[pri:0, instance:testcases.ebayTest@37d31475]" name="tearDown" is-config="true" duration-ms="3100" started-at="2018-08-07T16:01:03Z" finished-at="2018-08-07T16:01:06Z">
          <reporter-output>
          </reporter-output>
        </test-method> <!-- tearDown -->
      </class> <!-- testcases.ebayTest -->
    </test> <!-- run on device 1 -->
  </suite> <!-- SmokeSuite -->
</testng-results>
